This is pdfTeX, Version 3.14159265-2.6-1.40.20 (TeX Live 2019/W32TeX) (preloaded format=pdflatex 2019.6.10)  27 JUN 2019 00:58
entering extended mode
 restricted \write18 enabled.
 %&-line parsing enabled.
**2.tex
(./2.tex
LaTeX2e <2018-12-01>
(c:/texlive/2019/texmf-dist/tex/latex/base/article.cls
Document Class: article 2018/09/03 v1.4i Standard LaTeX document class
(c:/texlive/2019/texmf-dist/tex/latex/base/size12.clo
File: size12.clo 2018/09/03 v1.4i Standard LaTeX file (size option)
)
\c@part=\count80
\c@section=\count81
\c@subsection=\count82
\c@subsubsection=\count83
\c@paragraph=\count84
\c@subparagraph=\count85
\c@figure=\count86
\c@table=\count87
\abovecaptionskip=\skip41
\belowcaptionskip=\skip42
\bibindent=\dimen102
)
(c:/texlive/2019/texmf-dist/tex/latex/base/inputenc.sty
Package: inputenc 2018/08/11 v1.3c Input encoding file
\inpenc@prehook=\toks14
\inpenc@posthook=\toks15
)
(c:/texlive/2019/texmf-dist/tex/latex/amsmath/amsmath.sty
Package: amsmath 2018/12/01 v2.17b AMS math features
\@mathmargin=\skip43

For additional information on amsmath, use the `?' option.
(c:/texlive/2019/texmf-dist/tex/latex/amsmath/amstext.sty
Package: amstext 2000/06/29 v2.01 AMS text

(c:/texlive/2019/texmf-dist/tex/latex/amsmath/amsgen.sty
File: amsgen.sty 1999/11/30 v2.0 generic functions
\@emptytoks=\toks16
\ex@=\dimen103
))
(c:/texlive/2019/texmf-dist/tex/latex/amsmath/amsbsy.sty
Package: amsbsy 1999/11/29 v1.2d Bold Symbols
\pmbraise@=\dimen104
)
(c:/texlive/2019/texmf-dist/tex/latex/amsmath/amsopn.sty
Package: amsopn 2016/03/08 v2.02 operator names
)
\inf@bad=\count88
LaTeX Info: Redefining \frac on input line 223.
\uproot@=\count89
\leftroot@=\count90
LaTeX Info: Redefining \overline on input line 385.
\classnum@=\count91
\DOTSCASE@=\count92
LaTeX Info: Redefining \ldots on input line 482.
LaTeX Info: Redefining \dots on input line 485.
LaTeX Info: Redefining \cdots on input line 606.
\Mathstrutbox@=\box27
\strutbox@=\box28
\big@size=\dimen105
LaTeX Font Info:    Redeclaring font encoding OML on input line 729.
LaTeX Font Info:    Redeclaring font encoding OMS on input line 730.
\macc@depth=\count93
\c@MaxMatrixCols=\count94
\dotsspace@=\muskip10
\c@parentequation=\count95
\dspbrk@lvl=\count96
\tag@help=\toks17
\row@=\count97
\column@=\count98
\maxfields@=\count99
\andhelp@=\toks18
\eqnshift@=\dimen106
\alignsep@=\dimen107
\tagshift@=\dimen108
\tagwidth@=\dimen109
\totwidth@=\dimen110
\lineht@=\dimen111
\@envbody=\toks19
\multlinegap=\skip44
\multlinetaggap=\skip45
\mathdisplay@stack=\toks20
LaTeX Info: Redefining \[ on input line 2844.
LaTeX Info: Redefining \] on input line 2845.
)
(c:/texlive/2019/texmf-dist/tex/latex/graphics/graphicx.sty
Package: graphicx 2017/06/01 v1.1a Enhanced LaTeX Graphics (DPC,SPQR)

(c:/texlive/2019/texmf-dist/tex/latex/graphics/keyval.sty
Package: keyval 2014/10/28 v1.15 key=value parser (DPC)
\KV@toks@=\toks21
)
(c:/texlive/2019/texmf-dist/tex/latex/graphics/graphics.sty
Package: graphics 2017/06/25 v1.2c Standard LaTeX Graphics (DPC,SPQR)

(c:/texlive/2019/texmf-dist/tex/latex/graphics/trig.sty
Package: trig 2016/01/03 v1.10 sin cos tan (DPC)
)
(c:/texlive/2019/texmf-dist/tex/latex/graphics-cfg/graphics.cfg
File: graphics.cfg 2016/06/04 v1.11 sample graphics configuration
)
Package graphics Info: Driver file: pdftex.def on input line 99.

(c:/texlive/2019/texmf-dist/tex/latex/graphics-def/pdftex.def
File: pdftex.def 2018/01/08 v1.0l Graphics/color driver for pdftex
))
\Gin@req@height=\dimen112
\Gin@req@width=\dimen113
)
(c:/texlive/2019/texmf-dist/tex/latex/amsfonts/amsfonts.sty
Package: amsfonts 2013/01/14 v3.01 Basic AMSFonts support
\symAMSa=\mathgroup4
\symAMSb=\mathgroup5
LaTeX Font Info:    Overwriting math alphabet `\mathfrak' in version `bold'
(Font)                  U/euf/m/n --> U/euf/b/n on input line 106.
)
(c:/texlive/2019/texmf-dist/tex/latex/amsfonts/amssymb.sty
Package: amssymb 2013/01/14 v3.01 AMS font symbols
) (./2.aux)
\openout1 = `2.aux'.

LaTeX Font Info:    Checking defaults for OML/cmm/m/it on input line 10.
LaTeX Font Info:    ... okay on input line 10.
LaTeX Font Info:    Checking defaults for T1/cmr/m/n on input line 10.
LaTeX Font Info:    ... okay on input line 10.
LaTeX Font Info:    Checking defaults for OT1/cmr/m/n on input line 10.
LaTeX Font Info:    ... okay on input line 10.
LaTeX Font Info:    Checking defaults for OMS/cmsy/m/n on input line 10.
LaTeX Font Info:    ... okay on input line 10.
LaTeX Font Info:    Checking defaults for OMX/cmex/m/n on input line 10.
LaTeX Font Info:    ... okay on input line 10.
LaTeX Font Info:    Checking defaults for U/cmr/m/n on input line 10.
LaTeX Font Info:    ... okay on input line 10.

(c:/texlive/2019/texmf-dist/tex/context/base/mkii/supp-pdf.mkii
[Loading MPS to PDF converter (version 2006.09.02).]
\scratchcounter=\count100
\scratchdimen=\dimen114
\scratchbox=\box29
\nofMPsegments=\count101
\nofMParguments=\count102
\everyMPshowfont=\toks22
\MPscratchCnt=\count103
\MPscratchDim=\dimen115
\MPnumerator=\count104
\makeMPintoPDFobject=\count105
\everyMPtoPDFconversion=\toks23
) (c:/texlive/2019/texmf-dist/tex/latex/oberdiek/epstopdf-base.sty
Package: epstopdf-base 2016/05/15 v2.6 Base part for package epstopdf

(c:/texlive/2019/texmf-dist/tex/generic/oberdiek/infwarerr.sty
Package: infwarerr 2016/05/16 v1.4 Providing info/warning/error messages (HO)
)
(c:/texlive/2019/texmf-dist/tex/latex/oberdiek/grfext.sty
Package: grfext 2016/05/16 v1.2 Manage graphics extensions (HO)

(c:/texlive/2019/texmf-dist/tex/generic/oberdiek/kvdefinekeys.sty
Package: kvdefinekeys 2016/05/16 v1.4 Define keys (HO)

(c:/texlive/2019/texmf-dist/tex/generic/oberdiek/ltxcmds.sty
Package: ltxcmds 2016/05/16 v1.23 LaTeX kernel commands for general use (HO)
)))
(c:/texlive/2019/texmf-dist/tex/latex/oberdiek/kvoptions.sty
Package: kvoptions 2016/05/16 v3.12 Key value format for package options (HO)

(c:/texlive/2019/texmf-dist/tex/generic/oberdiek/kvsetkeys.sty
Package: kvsetkeys 2016/05/16 v1.17 Key value parser (HO)

(c:/texlive/2019/texmf-dist/tex/generic/oberdiek/etexcmds.sty
Package: etexcmds 2016/05/16 v1.6 Avoid name clashes with e-TeX commands (HO)

(c:/texlive/2019/texmf-dist/tex/generic/oberdiek/ifluatex.sty
Package: ifluatex 2016/05/16 v1.4 Provides the ifluatex switch (HO)
Package ifluatex Info: LuaTeX not detected.
))))
(c:/texlive/2019/texmf-dist/tex/generic/oberdiek/pdftexcmds.sty
Package: pdftexcmds 2018/09/10 v0.29 Utility functions of pdfTeX for LuaTeX (HO
)

(c:/texlive/2019/texmf-dist/tex/generic/oberdiek/ifpdf.sty
Package: ifpdf 2018/09/07 v3.3 Provides the ifpdf switch
)
Package pdftexcmds Info: LuaTeX not detected.
Package pdftexcmds Info: \pdf@primitive is available.
Package pdftexcmds Info: \pdf@ifprimitive is available.
Package pdftexcmds Info: \pdfdraftmode found.
)
Package epstopdf-base Info: Redefining graphics rule for `.eps' on input line 4
38.
Package grfext Info: Graphics extension search list:
(grfext)             [.pdf,.png,.jpg,.mps,.jpeg,.jbig2,.jb2,.PDF,.PNG,.JPG,.JPE
G,.JBIG2,.JB2,.eps]
(grfext)             \AppendGraphicsExtensions on input line 456.

(c:/texlive/2019/texmf-dist/tex/latex/latexconfig/epstopdf-sys.cfg
File: epstopdf-sys.cfg 2010/07/13 v1.3 Configuration of (r)epstopdf for TeX Liv
e
))
LaTeX Font Info:    Try loading font information for U+msa on input line 13.

(c:/texlive/2019/texmf-dist/tex/latex/amsfonts/umsa.fd
File: umsa.fd 2013/01/14 v3.01 AMS symbols A
)
LaTeX Font Info:    Try loading font information for U+msb on input line 13.

(c:/texlive/2019/texmf-dist/tex/latex/amsfonts/umsb.fd
File: umsb.fd 2013/01/14 v3.01 AMS symbols B
)
<fii.png, id=1, 200.75pt x 100.375pt>
File: fii.png Graphic file (type png)
<use fii.png>
Package pdftex.def Info: fii.png  used on input line 17.
(pdftex.def)             Requested size: 200.7495pt x 100.37474pt.
 [1

{c:/texlive/2019/texmf-var/fonts/map/pdftex/updmap/pdftex.map} <./fii.png>] (./
2.toc
Overfull \hbox (6.86908pt too wide) in paragraph at lines 4--4
 [] []\OT1/cmr/bx/n/12 Theoretical Con-sid-er-a-tions, State-of-the-Art Tech-no
lo-gies and 
 []


Overfull \hbox (8.03206pt too wide) in paragraph at lines 11--11
 [][] []\OT1/cmr/m/n/12 The The-o-ret-i-cal Foun-da-tions of the Gazetteer Meth
od in Named 
 []

)
\tf@toc=\write3
\openout3 = `2.toc'.

 [1]
Overfull \hbox (1.59315pt too wide) in paragraph at lines 50--51
[] \OT1/cmr/m/n/12 Techo-pe-dia, the lead-ing on-line tech-ni-cal dic-tio-nary,
 ex-plains \Named-
 []

[2] [3] [4]
Overfull \hbox (12.38777pt too wide) in paragraph at lines 74--74
[]\OT1/cmr/bx/n/17.28 Theoretical Con-sid-er-a-tions, State-of-the-Art
 []

[5]
<tempsnip.png, id=31, 801.74532pt x 134.75343pt>
File: tempsnip.png Graphic file (type png)
<use tempsnip.png>
Package pdftex.def Info: tempsnip.png  used on input line 84.
(pdftex.def)             Requested size: 390.0pt x 65.55066pt.
<ronec.png, id=32, 783.67781pt x 193.47281pt>
File: ronec.png Graphic file (type png)
<use ronec.png>
Package pdftex.def Info: ronec.png  used on input line 92.
(pdftex.def)             Requested size: 390.0pt x 96.28448pt.
<processed.png, id=33, 222.07968pt x 466.74374pt>
File: processed.png Graphic file (type png)
<use processed.png>
Package pdftex.def Info: processed.png  used on input line 100.
(pdftex.def)             Requested size: 111.03957pt x 233.37129pt.


LaTeX Warning: `!h' float specifier changed to `!ht'.

[6 <./tempsnip.png> <./ronec.PNG>]
<flask.png, id=40, 765.6103pt x 300.3722pt>
File: flask.png Graphic file (type png)
<use flask.png>
Package pdftex.def Info: flask.png  used on input line 118.
(pdftex.def)             Requested size: 382.80421pt x 150.18571pt.


LaTeX Warning: `!h' float specifier changed to `!ht'.

[7 <./processed.PNG>]
Overfull \hbox (0.43192pt too wide) in paragraph at lines 127--127
[]\OT1/cmr/bx/n/12 The Con-di-tional Ran-dom Field Al-go-rithm, The-o-ret-i-cal
 Con-
 []

[8 <./flask.PNG>] [9]

LaTeX Warning: Command \textellipsis invalid in math mode on input line 167.

[10]
Overfull \hbox (22.94788pt too wide) in paragraph at lines 175--175
[]\OT1/cmr/bx/n/14.4 The The-o-ret-i-cal Foun-da-tions of the Gazetteer Method
 []

[11] [12]
<preprocess.png, id=70, 419.31656pt x 166.37157pt>
File: preprocess.png Graphic file (type png)
<use preprocess.png>
Package pdftex.def Info: preprocess.png  used on input line 214.
(pdftex.def)             Requested size: 390.0pt x 154.73917pt.
<output.png, id=71, 231.11343pt x 180.675pt>
File: output.png Graphic file (type png)
<use output.png>
Package pdftex.def Info: output.png  used on input line 221.
(pdftex.def)             Requested size: 231.11287pt x 180.67455pt.


LaTeX Warning: `!h' float specifier changed to `!ht'.

<completion.png, id=72, 578.16pt x 355.3275pt>
File: completion.png Graphic file (type png)
<use completion.png>
Package pdftex.def Info: completion.png  used on input line 232.
(pdftex.def)             Requested size: 462.52863pt x 284.26237pt.

LaTeX Warning: `!h' float specifier changed to `!ht'.

<preview_dummy.png, id=73, 210.03468pt x 382.42876pt>
File: preview_dummy.png Graphic file (type png)
<use preview_dummy.png>
Package pdftex.def Info: preview_dummy.png  used on input line 241.
(pdftex.def)             Requested size: 115.51942pt x 210.33646pt.

LaTeX Warning: `!h' float specifier changed to `!ht'.

[13 <./preprocess.PNG>]

LaTeX Warning: Text page 14 contains only floats.

[14 <./output.PNG> <./completion.PNG>]
<entity.png, id=83, 673.76718pt x 78.2925pt>
File: entity.png Graphic file (type png)
<use entity.png>
Package pdftex.def Info: entity.png  used on input line 250.
(pdftex.def)             Requested size: 390.0pt x 45.31888pt.
 [15 <./preview_dummy.PNG> <./entity.PNG>]
<StanfordNER.png, id=89, 558.58687pt x 294.34969pt>
File: StanfordNER.png Graphic file (type png)
<use StanfordNER.png>
Package pdftex.def Info: StanfordNER.png  used on input line 269.
(pdftex.def)             Requested size: 390.0pt x 205.51787pt.
<command.png, id=90, 791.95876pt x 23.33719pt>
File: command.png Graphic file (type png)
<use command.png>
Package pdftex.def Info: command.png  used on input line 278.
(pdftex.def)             Requested size: 390.0pt x 11.49263pt.
 [16 <./StanfordNER.PNG>]
<Classifier20000.png, id=95, 764.8575pt x 194.97844pt>
File: Classifier20000.png Graphic file (type png)
<use Classifier20000.png>
Package pdftex.def Info: Classifier20000.png  used on input line 289.
(pdftex.def)             Requested size: 390.0pt x 99.41983pt.
<Classifierall.png, id=96, 757.32938pt x 84.315pt>
File: Classifierall.png Graphic file (type png)
<use Classifierall.png>
Package pdftex.def Info: Classifierall.png  used on input line 298.
(pdftex.def)             Requested size: 390.0pt x 43.41948pt.
 [17 <./command.PNG> <./Classifier20000.png> <./Classifierall.png>]
<stanfordtrained.png, id=101, 477.28313pt x 301.8778pt>
File: stanfordtrained.png Graphic file (type png)
<use stanfordtrained.png>
Package pdftex.def Info: stanfordtrained.png  used on input line 310.
(pdftex.def)             Requested size: 390.0pt x 246.6708pt.
<ouptut1.png, id=102, 1151.05031pt x 42.1575pt>
File: ouptut1.png Graphic file (type png)
<use ouptut1.png>
Package pdftex.def Info: ouptut1.png  used on input line 317.
(pdftex.def)             Requested size: 390.0pt x 14.28381pt.

Overfull \hbox (7.55531pt too wide) in paragraph at lines 322--323
\OT1/cmr/m/n/12 list of tu-ples hav-ing the fol-low-ing for-mat [(word$[]$text1
, NER$[]$tag1),(word$[]$text2,
 []

[18 <./stanfordtrained.PNG> <./ouptut1.PNG>]
Overfull \hbox (2.04958pt too wide) in paragraph at lines 324--324
[]\OT1/cmr/bx/n/14.4 The Prac-ti-cal Ap-pli-ca-tion of the Gazetteer Method 
 []

<PERSON.png, id=109, 233.37187pt x 149.05687pt>
File: PERSON.png Graphic file (type png)
<use PERSON.png>
Package pdftex.def Info: PERSON.png  used on input line 335.
(pdftex.def)             Requested size: 233.37129pt x 149.0565pt.
[19 <./PERSON.PNG>]
<POSprogram.png, id=114, 233.37187pt x 87.32625pt>
File: POSprogram.png Graphic file (type png)
<use POSprogram.png>
Package pdftex.def Info: POSprogram.png  used on input line 346.
(pdftex.def)             Requested size: 233.37129pt x 87.32603pt.
<outputPOS.png, id=115, 405.76593pt x 121.20282pt>
File: outputPOS.png Graphic file (type png)
<use outputPOS.png>
Package pdftex.def Info: outputPOS.png  used on input line 353.
(pdftex.def)             Requested size: 405.76494pt x 121.20251pt.
 [20 <./POSprogram.PNG> <./outputPOS.PNG>]
<gazetteer.png, id=122, 431.36156pt x 435.12563pt>
File: gazetteer.png Graphic file (type png)
<use gazetteer.png>
Package pdftex.def Info: gazetteer.png  used on input line 362.
(pdftex.def)             Requested size: 390.0pt x 393.41537pt.
<outputgazeteer.png, id=123, 371.13657pt x 26.34843pt>
File: outputgazeteer.png Graphic file (type png)
<use outputgazeteer.png>
Package pdftex.def Info: outputgazeteer.png  used on input line 371.
(pdftex.def)             Requested size: 371.13565pt x 26.34836pt.


LaTeX Warning: `!h' float specifier changed to `!ht'.

[21 <./gazetteer.PNG>]
<spacyimports.png, id=128, 161.10187pt x 50.43843pt>
File: spacyimports.png Graphic file (type png)
<use spacyimports.png>
Package pdftex.def Info: spacyimports.png  used on input line 384.
(pdftex.def)             Requested size: 161.10147pt x 50.4383pt.
<spacy_program.png, id=129, 386.94562pt x 469.755pt>
File: spacy_program.png Graphic file (type png)
<use spacy_program.png>
Package pdftex.def Info: spacy_program.png  used on input line 393.
(pdftex.def)             Requested size: 390.0pt x 473.46681pt.


LaTeX Warning: `!h' float specifier changed to `!ht'.

<output_spacy.png, id=130, 1157.82562pt x 28.60687pt>
File: output_spacy.png Graphic file (type png)
<use output_spacy.png>
Package pdftex.def Info: output_spacy.png  used on input line 402.
(pdftex.def)             Requested size: 390.0pt x 9.63585pt.

LaTeX Warning: `!h' float specifier changed to `!ht'.

[22 <./outputgazeteer.PNG> <./spacyimports.PNG>] [23 <./spacy_program.PNG>]
<dictionary.png, id=140, 1398.72563pt x 50.43843pt>
File: dictionary.png Graphic file (type png)
<use dictionary.png>
Package pdftex.def Info: dictionary.png  used on input line 419.
(pdftex.def)             Requested size: 390.0pt x 14.06339pt.

[24 <./output_spacy.PNG> <./dictionary.PNG>]
<spacy_stats.png, id=147, 432.11438pt x 201.75375pt>
File: spacy_stats.png Graphic file (type png)
<use spacy_stats.png>
Package pdftex.def Info: spacy_stats.png  used on input line 448.
(pdftex.def)             Requested size: 390.0pt x 182.09695pt.
<precision.png, id=148, 395.97937pt x 36.135pt>
File: precision.png Graphic file (type png)
<use precision.png>
Package pdftex.def Info: precision.png  used on input line 461.
(pdftex.def)             Requested size: 390.0pt x 35.59012pt.
<recall.png, id=149, 417.81094pt x 42.1575pt>
File: recall.png Graphic file (type png)
<use recall.png>
Package pdftex.def Info: recall.png  used on input line 468.
(pdftex.def)             Requested size: 390.0pt x 39.354pt.


LaTeX Warning: `!h' float specifier changed to `!ht'.

<fmeasure.png, id=150, 466.74374pt x 39.89906pt>
File: fmeasure.png Graphic file (type png)
<use fmeasure.png>
Package pdftex.def Info: fmeasure.png  used on input line 475.
(pdftex.def)             Requested size: 390.0pt x 33.34023pt.

LaTeX Warning: `!h' float specifier changed to `!ht'.

[25 <./spacy_stats.PNG> <./precision.PNG>] [26 <./recall.PNG> <./fmeasure.PNG>]
<voting.png, id=161, 395.97937pt x 447.92343pt>
File: voting.png Graphic file (type png)
<use voting.png>
Package pdftex.def Info: voting.png  used on input line 507.
(pdftex.def)             Requested size: 217.78932pt x 246.35864pt.
<outputvoting.png, id=162, 1172.12906pt x 37.64063pt>
File: outputvoting.png Graphic file (type png)
<use outputvoting.png>
Package pdftex.def Info: outputvoting.png  used on input line 514.
(pdftex.def)             Requested size: 390.0pt x 12.52367pt.

LaTeX Warning: `!h' float specifier changed to `!ht'.

[27 <./voting.PNG>]
<site0.png, id=167, 1003.49907pt x 670.00313pt>
File: site0.png Graphic file (type png)
<use site0.png>
Package pdftex.def Info: site0.png  used on input line 526.
(pdftex.def)             Requested size: 390.0pt x 260.39029pt.
<site.png, id=168, 1005.7575pt x 730.22812pt>
File: site.png Graphic file (type png)
<use site.png>
Package pdftex.def Info: site.png  used on input line 535.
(pdftex.def)             Requested size: 390.0pt x 283.14989pt.


LaTeX Warning: `!h' float specifier changed to `!ht'.

[28 <./outputvoting.PNG> <./site0.PNG>]
<beautify.png, id=174, 392.21532pt x 329.73187pt>
File: beautify.png Graphic file (type png)
<use beautify.png>
Package pdftex.def Info: beautify.png  used on input line 547.
(pdftex.def)             Requested size: 390.0pt x 327.88959pt.


LaTeX Warning: `!h' float specifier changed to `!ht'.

[29 <./site.PNG>] [30 <./beautify.PNG>] [31] [32]
Overfull \hbox (9.92638pt too wide) in paragraph at lines 595--596
[]$\OML/cmm/m/it/12 https \OT1/cmr/m/n/12 : \OML/cmm/m/it/12 ==towardsdatascien
ce:com=precision \OMS/cmsy/m/n/12 ^^@ \OML/cmm/m/it/12 vs \OMS/cmsy/m/n/12 ^^@ 
\OML/cmm/m/it/12 recall \OMS/cmsy/m/n/12 ^^@ \OT1/cmr/m/n/12 386\OML/cmm/m/it/1
2 cf\OT1/cmr/m/n/12 9\OML/cmm/m/it/12 f\OT1/cmr/m/n/12 89488$ 
 []


Overfull \hbox (2.02467pt too wide) in paragraph at lines 599--600
\OT1/cmr/m/n/12 Steven J. Bethard, and David Mc-Closky (2014). The Stan-ford Co
reNLP
 []


Overfull \hbox (21.50684pt too wide) in paragraph at lines 601--602
[]\OT1/cmr/m/n/12 https://blog.sicara.com/train-ner-model-with-nltk-stanford-ta
gger-english-
 []


Overfull \hbox (37.54836pt too wide) in paragraph at lines 603--604
[]\OT1/cmr/m/n/12 https://profs.info.uaic.ro/ dcristea/papers/RUMOUR-Cristea$%$
20et$%$20al.pdf 
 []


Overfull \hbox (9.23474pt too wide) in paragraph at lines 605--606
[]\OT1/cmr/m/n/12 https://pythonprogramming.net/named-entity-recognition-nltk-p
ython/ 
 []


Overfull \hbox (32.08173pt too wide) in paragraph at lines 615--615
[]\OT1/cmr/m/n/12 https://developers.google.com/machine-learning/crash-course/c
lassification/ 
 []


Overfull \hbox (48.27045pt too wide) in paragraph at lines 622--623
[]\OT1/cmr/m/n/12 https://medium.com/@jrodthoughts/ambiguity-in-natural-languag
e-processing-
 []

[33]
Overfull \hbox (16.08884pt too wide) in paragraph at lines 630--631
[]\OT1/cmr/m/n/12 https://www.techopedia.com/definition/13825/named-entity-reco
gnition-
 []


Overfull \hbox (21.63739pt too wide) in paragraph at lines 632--633
[]\OT1/cmr/m/n/12 https://medium.com/explore-artificial-intelligence/introducti
on-to-named-
 []

[34] (./2.aux) ) 
Here is how much of TeX's memory you used:
 2538 strings out of 492609
 33785 string characters out of 6132818
 97896 words of memory out of 5000000
 6388 multiletter control sequences out of 15000+600000
 12773 words of font info for 47 fonts, out of 8000000 for 9000
 1141 hyphenation exceptions out of 8191
 41i,8n,25p,1870b,282s stack positions out of 5000i,500n,10000p,200000b,80000s
<c:/texlive/2019/texmf-dist/fonts/type1/public/amsfonts/cm/cmbx
12.pfb><c:/texlive/2019/texmf-dist/fonts/type1/public/amsfonts/cm/cmbx6.pfb><c:
/texlive/2019/texmf-dist/fonts/type1/public/amsfonts/cm/cmbxti10.pfb><c:/texliv
e/2019/texmf-dist/fonts/type1/public/amsfonts/cm/cmex10.pfb><c:/texlive/2019/te
xmf-dist/fonts/type1/public/amsfonts/cm/cmmi12.pfb><c:/texlive/2019/texmf-dist/
fonts/type1/public/amsfonts/cm/cmmi8.pfb><c:/texlive/2019/texmf-dist/fonts/type
1/public/amsfonts/cm/cmr12.pfb><c:/texlive/2019/texmf-dist/fonts/type1/public/a
msfonts/cm/cmr17.pfb><c:/texlive/2019/texmf-dist/fonts/type1/public/amsfonts/cm
/cmr6.pfb><c:/texlive/2019/texmf-dist/fonts/type1/public/amsfonts/cm/cmr8.pfb><
c:/texlive/2019/texmf-dist/fonts/type1/public/amsfonts/cm/cmsy10.pfb><c:/texliv
e/2019/texmf-dist/fonts/type1/public/amsfonts/cm/cmsy6.pfb><c:/texlive/2019/tex
mf-dist/fonts/type1/public/amsfonts/cm/cmsy8.pfb><c:/texlive/2019/texmf-dist/fo
nts/type1/public/amsfonts/cm/cmti12.pfb><c:/texlive/2019/texmf-dist/fonts/type1
/public/amsfonts/cm/cmti7.pfb><c:/texlive/2019/texmf-dist/fonts/type1/public/am
sfonts/cm/cmti8.pfb>
Output written on 2.pdf (35 pages, 2411399 bytes).
PDF statistics:
 248 PDF objects out of 1000 (max. 8388607)
 127 compressed objects within 2 object streams
 0 named destinations out of 1000 (max. 500000)
 171 words of extra memory for PDF output out of 10000 (max. 10000000)

